<?xml version="1.0" encoding="UTF-8"?>
<!-- Generated by org.testng.reporters.JUnitReportReporter -->
<testsuite name="testcases.class1" tests="4" time="0.010" ignored="0" failures="0" timestamp="06 Jan 2020 09:32:29 GMT" skipped="0" hostname="3279HIMANS2323D" errors="0">
  <testcase name="Loginapplication_02" time="0.001" classname="testcases.class1"/>
  <testcase name="Loginapplication_04" time="0.001" classname="testcases.class1"/>
  <testcase name="Loginapplication_03" time="0.007" classname="testcases.class1"/>
  <testcase name="Loginapplication_01" time="0.001" classname="testcases.class1"/>
</testsuite> <!-- testcases.class1 -->
