<?xml version="1.0" encoding="UTF-8"?>
<!-- Generated by org.testng.reporters.JUnitReportReporter -->
<testsuite name="testcases.classdataprovider" tests="3" time="0.011" ignored="0" failures="0" timestamp="17 Jan 2020 07:55:19 GMT" skipped="0" hostname="3279HIMANS2323D" errors="0">
  <testcase name="test" time="0.001" classname="testcases.classdataprovider"/>
  <testcase name="test" time="0.008" classname="testcases.classdataprovider"/>
  <testcase name="test" time="0.002" classname="testcases.classdataprovider"/>
</testsuite> <!-- testcases.classdataprovider -->
