<?xml version="1.0" encoding="UTF-8"?>
<!-- Generated by org.testng.reporters.JUnitReportReporter -->
<testsuite name="testcases.class5" tests="3" time="0.012" ignored="0" failures="0" timestamp="06 Jan 2020 12:17:47 GMT" skipped="0" hostname="3279HIMANS2323D" errors="0">
  <testcase name="testdepand1" time="0.012" classname="testcases.class5"/>
  <testcase name="testdepand3" time="0.000" classname="testcases.class5"/>
  <testcase name="testdepand2" time="0.000" classname="testcases.class5"/>
</testsuite> <!-- testcases.class5 -->
