<?xml version="1.0" encoding="UTF-8"?>
<!-- Generated by org.testng.reporters.JUnitReportReporter -->
<testsuite name="testcases.test" tests="3" time="0.012" ignored="0" failures="0" timestamp="17 Jan 2020 08:01:59 GMT" skipped="0" hostname="3279HIMANS2323D" errors="0">
  <testcase name="login" time="0.000" classname="testcases.test"/>
  <testcase name="login" time="0.011" classname="testcases.test"/>
  <testcase name="login" time="0.001" classname="testcases.test"/>
</testsuite> <!-- testcases.test -->
