<?xml version="1.0" encoding="UTF-8"?>
<!-- Generated by org.testng.reporters.JUnitReportReporter -->
<testsuite name="testcases.class2" tests="4" time="0.003" ignored="0" failures="0" timestamp="06 Jan 2020 09:32:29 GMT" skipped="0" hostname="3279HIMANS2323D" errors="0">
  <testcase name="mobileapplication_01" time="0.000" classname="testcases.class2"/>
  <testcase name="mobileapplication_03" time="0.001" classname="testcases.class2"/>
  <testcase name="mobileapplication_02" time="0.001" classname="testcases.class2"/>
  <testcase name="mobileapplication_04" time="0.001" classname="testcases.class2"/>
</testsuite> <!-- testcases.class2 -->
