<?xml version="1.0" encoding="UTF-8"?>
<!-- Generated by org.testng.reporters.JUnitReportReporter -->
<testsuite name="testcases.testngdemo" tests="1" time="19.774" ignored="4" failures="0" timestamp="06 Jan 2020 12:16:46 GMT" skipped="0" hostname="3279HIMANS2323D" errors="0">
  <testcase name="testcase_01" time="19.774" classname="testcases.testngdemo"/>
  <testcase name="testcase_02" classname="testcases.testngdemo">
    <skipped/>
  </testcase> <!-- testcase_02 -->
  <testcase name="testcase_03" classname="testcases.testngdemo">
    <skipped/>
  </testcase> <!-- testcase_03 -->
  <testcase name="testcase_04" classname="testcases.testngdemo">
    <skipped/>
  </testcase> <!-- testcase_04 -->
  <testcase name="testcase_05" classname="testcases.testngdemo">
    <skipped/>
  </testcase> <!-- testcase_05 -->
</testsuite> <!-- testcases.testngdemo -->
